<?xml version="1.0" encoding="UTF-8"?>
<testsuite xmlns:xsi="http://www.w3.org/2001/XMLSchema-instance" xsi:noNamespaceSchemaLocation="https://maven.apache.org/surefire/maven-surefire-plugin/xsd/surefire-test-report-3.0.xsd" version="3.0" name="dk.sdu.cbse.collisionsystem.CollisionDetectorTest" time="0.152" tests="8" errors="0" skipped="0" failures="0">
  <properties>
[...]
</properties>
  <testcase name="testCollides_WhenEntitiesOverlap_ReturnsTrue" classname="dk.sdu.cbse.collisionsystem.CollisionDetectorTest" time="0.085"/>
  <testcase name="testBulletRemovedWhenHittingShip" classname="dk.sdu.cbse.collisionsystem.CollisionDetectorTest" time="0.002"/>
  <testcase name="testShipDestroyed_WhenHealthReachesZero" classname="dk.sdu.cbse.collisionsystem.CollisionDetectorTest" time="0.002"/>
  <testcase name="testAsteroidSplits_WhenHitByBullet_TwoSmallerAsteroidsCreated" classname="dk.sdu.cbse.collisionsystem.CollisionDetectorTest" time="0.009">
    <system-out><![CDATA[Split called! Radius: 20.0, New Size: 10.0
]]></system-out>
  </testcase>
  <testcase name="testCollides_WhenEntitiesFarApart_ReturnsFalse" classname="dk.sdu.cbse.collisionsystem.CollisionDetectorTest" time="0.002"/>
  <testcase name="testBulletHitsAsteroid_BulletRemovedAndAsteroidHealthReduced" classname="dk.sdu.cbse.collisionsystem.CollisionDetectorTest" time="0.004">
    <system-out><![CDATA[Split called! Radius: 10.0, New Size: 5.0
]]></system-out>
  </testcase>
  <testcase name="testShipHitByBullet_HealthReducedButNotDestroyed" classname="dk.sdu.cbse.collisionsystem.CollisionDetectorTest" time="0.002"/>
  <testcase name="testSameTypeEntities_DoNotCollide" classname="dk.sdu.cbse.collisionsystem.CollisionDetectorTest" time="0.009"/>
</testsuite>